<?xml version="1.0" encoding="UTF-8"?>
<testng-results skipped="1" failed="0" total="2" passed="1">
  <reporter-output>
  </reporter-output>
  <suite name="Default suite" duration-ms="56307" started-at="2018-04-03T21:06:18Z" finished-at="2018-04-03T21:07:14Z">
    <groups>
    </groups>
    <test name="Default test" duration-ms="56307" started-at="2018-04-03T21:06:18Z" finished-at="2018-04-03T21:07:14Z">
      <class name="SearchTestCases.SearchFlightTests">
        <test-method status="PASS" signature="initiateBrowser()[pri:0, instance:SearchTestCases.SearchFlightTests@1b0375b3]" name="initiateBrowser" is-config="true" duration-ms="12895" started-at="2018-04-04T02:36:18Z" finished-at="2018-04-04T02:36:31Z">
          <reporter-output>
          </reporter-output>
        </test-method> <!-- initiateBrowser -->
        <test-method status="PASS" signature="launchBrowser()[pri:0, instance:SearchTestCases.SearchFlightTests@1b0375b3]" name="launchBrowser" is-config="true" duration-ms="18196" started-at="2018-04-04T02:36:31Z" finished-at="2018-04-04T02:36:49Z">
          <reporter-output>
          </reporter-output>
        </test-method> <!-- launchBrowser -->
        <test-method status="PASS" signature="get4thPrice()[pri:0, instance:SearchTestCases.SearchFlightTests@1b0375b3]" name="get4thPrice" duration-ms="24117" started-at="2018-04-04T02:36:49Z" description="Select longest flight with 1 stop" finished-at="2018-04-04T02:37:13Z">
          <reporter-output>
          </reporter-output>
        </test-method> <!-- get4thPrice -->
        <test-method status="PASS" signature="closeBrowser()[pri:0, instance:SearchTestCases.SearchFlightTests@1b0375b3]" name="closeBrowser" is-config="true" duration-ms="57" started-at="2018-04-04T02:37:13Z" finished-at="2018-04-04T02:37:13Z">
          <reporter-output>
          </reporter-output>
        </test-method> <!-- closeBrowser -->
        <test-method status="FAIL" signature="launchBrowser()[pri:0, instance:SearchTestCases.SearchFlightTests@1b0375b3]" name="launchBrowser" is-config="true" duration-ms="0" started-at="2018-04-04T02:37:13Z" finished-at="2018-04-04T02:37:13Z">
          <exception class="org.openqa.selenium.NoSuchWindowException">
            <message>
              <![CDATA[Window not found. The browser window may have been closed.
Command duration or timeout: 49 milliseconds
Build info: version: '2.53.1', revision: 'a36b8b1cd5757287168e54b817830adce9b0158d', time: '2016-06-30 19:26:09'
System info: host: 'PersonalPC', ip: '192.168.1.195', os.name: 'Windows 8.1', os.arch: 'amd64', os.version: '6.3', java.version: '1.8.0_31'
Driver info: org.openqa.selenium.firefox.FirefoxDriver
Capabilities [{applicationCacheEnabled=true, rotatable=false, handlesAlerts=true, databaseEnabled=true, version=47.0.2, platform=WINDOWS, nativeEvents=false, acceptSslCerts=true, webStorageEnabled=true, locationContextEnabled=false, browserName=firefox, takesScreenshot=true, javascriptEnabled=true, cssSelectorsEnabled=true}]
Session ID: d516ef17-0502-4fd2-bda3-f05700723c49]]>
            </message>
            <full-stacktrace>
              <![CDATA[org.openqa.selenium.NoSuchWindowException: Window not found. The browser window may have been closed.
Command duration or timeout: 49 milliseconds
Build info: version: '2.53.1', revision: 'a36b8b1cd5757287168e54b817830adce9b0158d', time: '2016-06-30 19:26:09'
System info: host: 'PersonalPC', ip: '192.168.1.195', os.name: 'Windows 8.1', os.arch: 'amd64', os.version: '6.3', java.version: '1.8.0_31'
Driver info: org.openqa.selenium.firefox.FirefoxDriver
Capabilities [{applicationCacheEnabled=true, rotatable=false, handlesAlerts=true, databaseEnabled=true, version=47.0.2, platform=WINDOWS, nativeEvents=false, acceptSslCerts=true, webStorageEnabled=true, locationContextEnabled=false, browserName=firefox, takesScreenshot=true, javascriptEnabled=true, cssSelectorsEnabled=true}]
Session ID: d516ef17-0502-4fd2-bda3-f05700723c49
	at sun.reflect.NativeConstructorAccessorImpl.newInstance0(Native Method)
	at sun.reflect.NativeConstructorAccessorImpl.newInstance(Unknown Source)
	at sun.reflect.DelegatingConstructorAccessorImpl.newInstance(Unknown Source)
	at java.lang.reflect.Constructor.newInstance(Unknown Source)
	at org.openqa.selenium.remote.ErrorHandler.createThrowable(ErrorHandler.java:206)
	at org.openqa.selenium.remote.ErrorHandler.throwIfResponseFailed(ErrorHandler.java:158)
	at org.openqa.selenium.remote.RemoteWebDriver.execute(RemoteWebDriver.java:678)
	at org.openqa.selenium.firefox.FirefoxDriver.access$100(FirefoxDriver.java:65)
	at org.openqa.selenium.firefox.FirefoxDriver$1$1.implicitlyWait(FirefoxDriver.java:244)
	at SearchTestCases.SearchFlightTests.launchBrowser(SearchFlightTests.java:38)
	at sun.reflect.NativeMethodAccessorImpl.invoke0(Native Method)
	at sun.reflect.NativeMethodAccessorImpl.invoke(Unknown Source)
	at sun.reflect.DelegatingMethodAccessorImpl.invoke(Unknown Source)
	at java.lang.reflect.Method.invoke(Unknown Source)
	at org.testng.internal.MethodInvocationHelper.invokeMethod(MethodInvocationHelper.java:84)
	at org.testng.internal.Invoker.invokeConfigurationMethod(Invoker.java:564)
	at org.testng.internal.Invoker.invokeConfigurations(Invoker.java:213)
	at org.testng.internal.Invoker.invokeMethod(Invoker.java:653)
	at org.testng.internal.Invoker.invokeTestMethod(Invoker.java:901)
	at org.testng.internal.Invoker.invokeTestMethods(Invoker.java:1231)
	at org.testng.internal.TestMethodWorker.invokeTestMethods(TestMethodWorker.java:127)
	at org.testng.internal.TestMethodWorker.run(TestMethodWorker.java:111)
	at org.testng.TestRunner.privateRun(TestRunner.java:767)
	at org.testng.TestRunner.run(TestRunner.java:617)
	at org.testng.SuiteRunner.runTest(SuiteRunner.java:334)
	at org.testng.SuiteRunner.runSequentially(SuiteRunner.java:329)
	at org.testng.SuiteRunner.privateRun(SuiteRunner.java:291)
	at org.testng.SuiteRunner.run(SuiteRunner.java:240)
	at org.testng.SuiteRunnerWorker.runSuite(SuiteRunnerWorker.java:52)
	at org.testng.SuiteRunnerWorker.run(SuiteRunnerWorker.java:86)
	at org.testng.TestNG.runSuitesSequentially(TestNG.java:1224)
	at org.testng.TestNG.runSuitesLocally(TestNG.java:1149)
	at org.testng.TestNG.run(TestNG.java:1057)
	at org.testng.remote.RemoteTestNG.run(RemoteTestNG.java:111)
	at org.testng.remote.RemoteTestNG.initAndRun(RemoteTestNG.java:204)
	at org.testng.remote.RemoteTestNG.main(RemoteTestNG.java:175)
Caused by: org.openqa.selenium.NoSuchWindowException: Window not found. The browser window may have been closed.
Build info: version: '2.53.1', revision: 'a36b8b1cd5757287168e54b817830adce9b0158d', time: '2016-06-30 19:26:09'
System info: host: 'PersonalPC', ip: '192.168.1.195', os.name: 'Windows 8.1', os.arch: 'amd64', os.version: '6.3', java.version: '1.8.0_31'
Driver info: driver.version: unknown
	at <anonymous class>.nsCommandProcessor.prototype.execute(file:///C:/Users/ALIHAK~1/AppData/Local/Temp/anonymous2286076119380693681webdriver-profile/extensions/fxdriver@googlecode.com/components/command-processor.js:12719)
	at <anonymous class>.Dispatcher.executeAs/<(file:///C:/Users/ALIHAK~1/AppData/Local/Temp/anonymous2286076119380693681webdriver-profile/extensions/fxdriver@googlecode.com/components/driver-component.js:9558)
	at <anonymous class>.Resource.prototype.handle(file:///C:/Users/ALIHAK~1/AppData/Local/Temp/anonymous2286076119380693681webdriver-profile/extensions/fxdriver@googlecode.com/components/driver-component.js:9705)
	at <anonymous class>.Dispatcher.prototype.dispatch(file:///C:/Users/ALIHAK~1/AppData/Local/Temp/anonymous2286076119380693681webdriver-profile/extensions/fxdriver@googlecode.com/components/driver-component.js:9652)
	at <anonymous class>.WebDriverServer/<.handle(file:///C:/Users/ALIHAK~1/AppData/Local/Temp/anonymous2286076119380693681webdriver-profile/extensions/fxdriver@googlecode.com/components/driver-component.js:12517)
	at <anonymous class>.createHandlerFunc/<(file:///C:/Users/ALIHAK~1/AppData/Local/Temp/anonymous2286076119380693681webdriver-profile/extensions/fxdriver@googlecode.com/components/httpd.js:2054)
	at <anonymous class>.ServerHandler.prototype.handleResponse(file:///C:/Users/ALIHAK~1/AppData/Local/Temp/anonymous2286076119380693681webdriver-profile/extensions/fxdriver@googlecode.com/components/httpd.js:2387)
	at <anonymous class>.Connection.prototype.process(file:///C:/Users/ALIHAK~1/AppData/Local/Temp/anonymous2286076119380693681webdriver-profile/extensions/fxdriver@googlecode.com/components/httpd.js:1223)
	at <anonymous class>.RequestReader.prototype._handleResponse(file:///C:/Users/ALIHAK~1/AppData/Local/Temp/anonymous2286076119380693681webdriver-profile/extensions/fxdriver@googlecode.com/components/httpd.js:1677)
	at <anonymous class>.RequestReader.prototype._processBody(file:///C:/Users/ALIHAK~1/AppData/Local/Temp/anonymous2286076119380693681webdriver-profile/extensions/fxdriver@googlecode.com/components/httpd.js:1525)
	at <anonymous class>.RequestReader.prototype.onInputStreamReady(file:///C:/Users/ALIHAK~1/AppData/Local/Temp/anonymous2286076119380693681webdriver-profile/extensions/fxdriver@googlecode.com/components/httpd.js:1393)
]]>
            </full-stacktrace>
          </exception> <!-- org.openqa.selenium.NoSuchWindowException -->
          <reporter-output>
          </reporter-output>
        </test-method> <!-- launchBrowser -->
        <test-method status="SKIP" signature="getLongestFlightWith1Stop()[pri:0, instance:SearchTestCases.SearchFlightTests@1b0375b3]" name="getLongestFlightWith1Stop" duration-ms="1" started-at="2018-04-04T02:37:14Z" description="Select longest flight with 1 stop" finished-at="2018-04-04T02:37:14Z">
          <reporter-output>
          </reporter-output>
        </test-method> <!-- getLongestFlightWith1Stop -->
        <test-method status="SKIP" signature="closeBrowser()[pri:0, instance:SearchTestCases.SearchFlightTests@1b0375b3]" name="closeBrowser" is-config="true" duration-ms="0" started-at="2018-04-04T02:37:14Z" finished-at="2018-04-04T02:37:14Z">
          <reporter-output>
          </reporter-output>
        </test-method> <!-- closeBrowser -->
      </class> <!-- SearchTestCases.SearchFlightTests -->
    </test> <!-- Default test -->
  </suite> <!-- Default suite -->
</testng-results>
